<?xml version="1.0" encoding="UTF-8"?>
<testsuite xmlns:xsi="http://www.w3.org/2001/XMLSchema-instance" xsi:noNamespaceSchemaLocation="https://maven.apache.org/surefire/maven-surefire-plugin/xsd/surefire-test-report-3.0.xsd" version="3.0" name="com.swaglabs.tests.LoginTests" time="14.21" tests="4" errors="0" skipped="0" failures="0">
  <properties>
[...]
</properties>
  <testcase name="testLoginWithLockedUser" classname="com.swaglabs.tests.LoginTests" time="4.071"/>
  <testcase name="testValidLogin" classname="com.swaglabs.tests.LoginTests" time="3.572"/>
  <testcase name="testInvalidLoginWrongPassword" classname="com.swaglabs.tests.LoginTests" time="3.479"/>
  <testcase name="testInvalidLoginEmptyFields" classname="com.swaglabs.tests.LoginTests" time="3.084"/>
</testsuite>